#-----------------------------------------------------------
# Vivado v2019.1 (64-bit)
# SW Build 2552052 on Fri May 24 14:49:42 MDT 2019
# IP Build 2548770 on Fri May 24 18:01:18 MDT 2019
# Start of session at: Sat Mar 21 16:51:08 2020
# Process ID: 20964
# Current directory: C:/Users/OAkun/Desktop/Breakout
# Command line: vivado.exe -gui_launcher_event rodinguilauncherevent20396 C:\Users\OAkun\Desktop\Breakout\Breakout.xpr
# Log file: C:/Users/OAkun/Desktop/Breakout/vivado.log
# Journal file: C:/Users/OAkun/Desktop/Breakout\vivado.jou
#-----------------------------------------------------------
start_gui
open_project C:/Users/OAkun/Desktop/Breakout/Breakout.xpr
Scanning sources...
Finished scanning sources
INFO: [IP_Flow 19-234] Refreshing IP repositories
INFO: [IP_Flow 19-1704] No user IP repositories specified
INFO: [IP_Flow 19-2313] Loaded Vivado IP repository 'C:/Xilinx/Vivado/2019.1/data/ip'.
open_project: Time (s): cpu = 00:00:23 ; elapsed = 00:00:10 . Memory (MB): peak = 714.254 ; gain = 73.605
update_compile_order -fileset sources_1
open_hw
connect_hw_server -url localhost:3121
INFO: [Labtools 27-2285] Connecting to hw_server url TCP:localhost:3121
INFO: [Labtools 27-2222] Launching hw_server...
INFO: [Labtools 27-2221] Launch Output:

****** Xilinx hw_server v2019.1
  **** Build date : May 24 2019 at 15:13:31
    ** Copyright 1986-2019 Xilinx, Inc. All Rights Reserved.


current_hw_target [get_hw_targets */xilinx_tcf/Digilent/210292A8AD8EA]
set_property PARAM.FREQUENCY 15000000 [get_hw_targets */xilinx_tcf/Digilent/210292A8AD8EA]
open_hw_target
INFO: [Labtoolstcl 44-466] Opening hw_target localhost:3121/xilinx_tcf/Digilent/210292A8AD8EA
set_property PROGRAM.FILE {C:/Users/OAkun/Desktop/Breakout/Breakout.runs/impl_1/Vga_sync_alpha.bit} [get_hw_devices xc7a100t_0]
current_hw_device [get_hw_devices xc7a100t_0]
refresh_hw_device -update_hw_probes false [lindex [get_hw_devices xc7a100t_0] 0]
INFO: [Labtools 27-1434] Device xc7a100t (JTAG device index = 0) is programmed with a design that has no supported debug core(s) in it.
set_property PROBES.FILE {} [get_hw_devices xc7a100t_0]
set_property FULL_PROBES.FILE {} [get_hw_devices xc7a100t_0]
set_property PROGRAM.FILE {C:/Users/OAkun/Desktop/Breakout/Breakout.runs/impl_1/Vga_sync_alpha.bit} [get_hw_devices xc7a100t_0]
program_hw_devices [get_hw_devices xc7a100t_0]
INFO: [Labtools 27-3164] End of startup status: HIGH
refresh_hw_device [lindex [get_hw_devices xc7a100t_0] 0]
INFO: [Labtools 27-1434] Device xc7a100t (JTAG device index = 0) is programmed with a design that has no supported debug core(s) in it.
reset_run synth_1
launch_runs synth_1 -jobs 4
[Sat Mar 21 17:00:42 2020] Launched synth_1...
Run output will be captured here: C:/Users/OAkun/Desktop/Breakout/Breakout.runs/synth_1/runme.log
launch_runs impl_1 -jobs 4
[Sat Mar 21 17:01:34 2020] Launched impl_1...
Run output will be captured here: C:/Users/OAkun/Desktop/Breakout/Breakout.runs/impl_1/runme.log
close [ open C:/Users/OAkun/Desktop/Breakout/Breakout.srcs/sources_1/new/bricktest.v w ]
add_files C:/Users/OAkun/Desktop/Breakout/Breakout.srcs/sources_1/new/bricktest.v
update_compile_order -fileset sources_1
launch_runs impl_1 -to_step write_bitstream -jobs 4
WARNING: [Vivado 12-872] Run step 'Design Initialization' is out-of-date.
[Sat Mar 21 17:03:03 2020] Launched impl_1...
Run output will be captured here: C:/Users/OAkun/Desktop/Breakout/Breakout.runs/impl_1/runme.log
set_property PROBES.FILE {} [get_hw_devices xc7a100t_0]
set_property FULL_PROBES.FILE {} [get_hw_devices xc7a100t_0]
set_property PROGRAM.FILE {C:/Users/OAkun/Desktop/Breakout/Breakout.runs/impl_1/Vga_sync_alpha.bit} [get_hw_devices xc7a100t_0]
program_hw_devices [get_hw_devices xc7a100t_0]
INFO: [Labtools 27-3164] End of startup status: HIGH
refresh_hw_device [lindex [get_hw_devices xc7a100t_0] 0]
INFO: [Labtools 27-1434] Device xc7a100t (JTAG device index = 0) is programmed with a design that has no supported debug core(s) in it.
update_compile_order -fileset sources_1
reset_run synth_1
launch_runs synth_1 -jobs 4
[Sat Mar 21 18:32:10 2020] Launched synth_1...
Run output will be captured here: C:/Users/OAkun/Desktop/Breakout/Breakout.runs/synth_1/runme.log
reset_run synth_1
launch_runs synth_1 -jobs 4
[Sat Mar 21 18:35:09 2020] Launched synth_1...
Run output will be captured here: C:/Users/OAkun/Desktop/Breakout/Breakout.runs/synth_1/runme.log
launch_runs impl_1 -jobs 4
[Sat Mar 21 18:35:56 2020] Launched impl_1...
Run output will be captured here: C:/Users/OAkun/Desktop/Breakout/Breakout.runs/impl_1/runme.log
launch_runs impl_1 -to_step write_bitstream -jobs 4
[Sat Mar 21 18:37:25 2020] Launched impl_1...
Run output will be captured here: C:/Users/OAkun/Desktop/Breakout/Breakout.runs/impl_1/runme.log
set_property PROBES.FILE {} [get_hw_devices xc7a100t_0]
set_property FULL_PROBES.FILE {} [get_hw_devices xc7a100t_0]
set_property PROGRAM.FILE {C:/Users/OAkun/Desktop/Breakout/Breakout.runs/impl_1/Vga_sync_alpha.bit} [get_hw_devices xc7a100t_0]
program_hw_devices [get_hw_devices xc7a100t_0]
INFO: [Labtools 27-3164] End of startup status: HIGH
refresh_hw_device [lindex [get_hw_devices xc7a100t_0] 0]
INFO: [Labtools 27-1434] Device xc7a100t (JTAG device index = 0) is programmed with a design that has no supported debug core(s) in it.
reset_run synth_1
launch_runs synth_1 -jobs 4
[Sat Mar 21 18:40:45 2020] Launched synth_1...
Run output will be captured here: C:/Users/OAkun/Desktop/Breakout/Breakout.runs/synth_1/runme.log
launch_runs impl_1 -jobs 4
[Sat Mar 21 18:42:13 2020] Launched impl_1...
Run output will be captured here: C:/Users/OAkun/Desktop/Breakout/Breakout.runs/impl_1/runme.log
launch_runs impl_1 -to_step write_bitstream -jobs 4
[Sat Mar 21 18:44:00 2020] Launched impl_1...
Run output will be captured here: C:/Users/OAkun/Desktop/Breakout/Breakout.runs/impl_1/runme.log
set_property PROBES.FILE {} [get_hw_devices xc7a100t_0]
set_property FULL_PROBES.FILE {} [get_hw_devices xc7a100t_0]
set_property PROGRAM.FILE {C:/Users/OAkun/Desktop/Breakout/Breakout.runs/impl_1/Vga_sync_alpha.bit} [get_hw_devices xc7a100t_0]
program_hw_devices [get_hw_devices xc7a100t_0]
INFO: [Labtools 27-3164] End of startup status: HIGH
refresh_hw_device [lindex [get_hw_devices xc7a100t_0] 0]
INFO: [Labtools 27-1434] Device xc7a100t (JTAG device index = 0) is programmed with a design that has no supported debug core(s) in it.
reset_run synth_1
launch_runs synth_1 -jobs 4
[Sat Mar 21 18:49:42 2020] Launched synth_1...
Run output will be captured here: C:/Users/OAkun/Desktop/Breakout/Breakout.runs/synth_1/runme.log
launch_runs impl_1 -jobs 4
[Sat Mar 21 18:54:16 2020] Launched impl_1...
Run output will be captured here: C:/Users/OAkun/Desktop/Breakout/Breakout.runs/impl_1/runme.log
launch_runs impl_1 -to_step write_bitstream -jobs 4
[Sat Mar 21 18:59:22 2020] Launched impl_1...
Run output will be captured here: C:/Users/OAkun/Desktop/Breakout/Breakout.runs/impl_1/runme.log
set_property PROBES.FILE {} [get_hw_devices xc7a100t_0]
set_property FULL_PROBES.FILE {} [get_hw_devices xc7a100t_0]
set_property PROGRAM.FILE {C:/Users/OAkun/Desktop/Breakout/Breakout.runs/impl_1/Vga_sync_alpha.bit} [get_hw_devices xc7a100t_0]
program_hw_devices [get_hw_devices xc7a100t_0]
INFO: [Labtools 27-3164] End of startup status: HIGH
refresh_hw_device [lindex [get_hw_devices xc7a100t_0] 0]
INFO: [Labtools 27-1434] Device xc7a100t (JTAG device index = 0) is programmed with a design that has no supported debug core(s) in it.
exit
INFO: [Common 17-206] Exiting Vivado at Sat Mar 21 19:04:54 2020...
